Copyright 1986-2019 Xilinx, Inc. All Rights Reserved.
------------------------------------------------------------------------------------
| Tool Version : Vivado v.2019.1 (win64) Build 2552052 Fri May 24 14:49:42 MDT 2019
| Date         : Fri Dec  9 17:27:12 2022
| Host         : g110b-3 running 64-bit major release  (build 9200)
| Command      : report_control_sets -verbose -file DEVICE_control_sets_placed.rpt
| Design       : DEVICE
| Device       : xc7a100t
------------------------------------------------------------------------------------

Control Set Information

Table of Contents
-----------------
1. Summary
2. Histogram
3. Flip-Flop Distribution
4. Detailed Control Set Information

1. Summary
----------

+----------------------------------------------------------+-------+
|                          Status                          | Count |
+----------------------------------------------------------+-------+
| Total control sets                                       |    50 |
|    Minimum number of control sets                        |    50 |
|    Addition due to synthesis replication                 |     0 |
|    Addition due to physical synthesis replication        |     0 |
| Unused register locations in slices containing registers |   233 |
+----------------------------------------------------------+-------+
* Control sets can be merged at opt_design using control_set_merge or merge_equivalent_drivers
** Run report_qor_suggestions for automated merging and remapping suggestions


2. Histogram
------------

+--------------------+-------+
|       Fanout       | Count |
+--------------------+-------+
| Total control sets |    50 |
| >= 0 to < 4        |    10 |
| >= 4 to < 6        |    28 |
| >= 6 to < 8        |     0 |
| >= 8 to < 10       |     1 |
| >= 10 to < 12      |     4 |
| >= 12 to < 14      |     0 |
| >= 14 to < 16      |     0 |
| >= 16              |     7 |
+--------------------+-------+
* Control sets can be remapped at either synth_design or opt_design


3. Flip-Flop Distribution
-------------------------

+--------------+-----------------------+------------------------+-----------------+--------------+
| Clock Enable | Synchronous Set/Reset | Asynchronous Set/Reset | Total Registers | Total Slices |
+--------------+-----------------------+------------------------+-----------------+--------------+
| No           | No                    | No                     |              43 |           19 |
| No           | No                    | Yes                    |               0 |            0 |
| No           | Yes                   | No                     |               4 |            2 |
| Yes          | No                    | No                     |             176 |           82 |
| Yes          | No                    | Yes                    |               0 |            0 |
| Yes          | Yes                   | No                     |             128 |           61 |
+--------------+-----------------------+------------------------+-----------------+--------------+


4. Detailed Control Set Information
-----------------------------------

+--------------------+--------------------------------------+----------------------------+------------------+----------------+
|    Clock Signal    |             Enable Signal            |      Set/Reset Signal      | Slice Load Count | Bel Load Count |
+--------------------+--------------------------------------+----------------------------+------------------+----------------+
|  clk_old_IBUF_BUFG | rec_uart/received_data[4]_i_1_n_0    |                            |                1 |              1 |
|  clk_old_IBUF_BUFG | rec_uart/received_data[2]_i_1_n_0    |                            |                1 |              1 |
|  clk_old_IBUF_BUFG | rec_uart/received_data[7]_i_1_n_0    |                            |                1 |              1 |
|  clk_old_IBUF_BUFG | rec_uart/received_data[1]_i_1_n_0    |                            |                1 |              1 |
|  clk_old_IBUF_BUFG | rec_uart/received_data[3]_i_1_n_0    |                            |                1 |              1 |
|  clk_old_IBUF_BUFG | rec_uart/received_data[5]_i_1_n_0    |                            |                1 |              1 |
|  clk_old_IBUF_BUFG | rec_uart/received_data[6]_i_1_n_0    |                            |                1 |              1 |
|  clk_old_IBUF_BUFG | rec_uart/received_data[0]_i_1_n_0    |                            |                1 |              1 |
|  clk_old_IBUF_BUFG | tranceiver/t_i_1_n_0                 |                            |                1 |              1 |
|  div26/out[0]      |                                      |                            |                1 |              3 |
|  clk_old_IBUF_BUFG | prima3/matrix[1][19]_i_1_n_0         |                            |                1 |              4 |
|  clk_old_IBUF_BUFG | prima3/matrix[0][19]_i_1_n_0         |                            |                1 |              4 |
|  clk_old_IBUF_BUFG | prima3/matrix[1][15]_i_1_n_0         |                            |                2 |              4 |
|  clk_old_IBUF_BUFG | prima3/matrix[1][3]_i_1_n_0          |                            |                2 |              4 |
|  clk_old_IBUF_BUFG | prima3/matrix[0][7]_i_1_n_0          |                            |                2 |              4 |
|  clk_old_IBUF_BUFG | prima3/matrix[2][3]_i_1_n_0          |                            |                1 |              4 |
|  clk_old_IBUF_BUFG | prima3/matrix[3][11]_i_1_n_0         |                            |                2 |              4 |
|  clk_old_IBUF_BUFG | prima3/matrix[2][15]_i_1_n_0         |                            |                2 |              4 |
|  clk_old_IBUF_BUFG | prima3/matrix[2][19]_i_1_n_0         |                            |                2 |              4 |
|  clk_old_IBUF_BUFG | prima3/matrix[2][7]_i_1_n_0          |                            |                2 |              4 |
|  clk_old_IBUF_BUFG | prima3/matrix[3][15]_i_1_n_0         |                            |                1 |              4 |
|  clk_old_IBUF_BUFG | prima3/matrix[3][19]_i_1_n_0         |                            |                2 |              4 |
|  clk_old_IBUF_BUFG | prima3/matrix[3][7]_i_1_n_0          |                            |                1 |              4 |
|  clk_old_IBUF_BUFG | prima3/matrix[3][3]_i_1_n_0          |                            |                4 |              4 |
|  clk_old_IBUF_BUFG | prima3/matrix[4][7]_i_1_n_0          |                            |                2 |              4 |
|  clk_old_IBUF_BUFG | prima3/matrix[0][3]_i_1_n_0          |                            |                1 |              4 |
|  clk_old_IBUF_BUFG | prima3/matrix[4][11]_i_1_n_0         |                            |                2 |              4 |
|  clk_old_IBUF_BUFG | prima3/matrix[4][15]_i_1_n_0         |                            |                2 |              4 |
|  clk_old_IBUF_BUFG | prima3/matrix[4][19]_i_1_n_0         |                            |                2 |              4 |
|  clk_old_IBUF_BUFG | prima3/matrix[1][11]_i_1_n_0         |                            |                2 |              4 |
|  clk_old_IBUF_BUFG |                                      | prima3/y[4][2]_i_1_n_0     |                2 |              4 |
|  clk_old_IBUF_BUFG | prima3/matrix[0][11]_i_1_n_0         |                            |                2 |              4 |
|  clk_old_IBUF_BUFG | prima3/matrix[0][15]_i_1_n_0         |                            |                1 |              4 |
|  clk_old_IBUF_BUFG | prima3/matrix[1][7]_i_1_n_0          |                            |                2 |              4 |
|  clk_old_IBUF_BUFG | prima3/matrix[4][3]_i_1_n_0          |                            |                2 |              4 |
|  clk_old_IBUF_BUFG | prima3/matrix[2][11]_i_1_n_0         |                            |                1 |              4 |
|  clk_old_IBUF_BUFG | uart/FSM_sequential_state[3]_i_1_n_0 |                            |                1 |              4 |
|  clk_old_IBUF_BUFG | uart/fsmDout_0                       |                            |                2 |              4 |
|  clk_old_IBUF_BUFG | prima3/y[1][2]_i_1_n_0               | prima3/y[4][2]_i_1_n_0     |                6 |              9 |
|  clk_old_IBUF_BUFG | prima3/y[3][2]_i_1_n_0               | prima3/y[4][2]_i_1_n_0     |                6 |             10 |
|  clk_old_IBUF_BUFG | prima3/y[2][2]_i_1_n_0               | prima3/y[4][2]_i_1_n_0     |                8 |             10 |
|  clk_old_IBUF_BUFG | prima3/y[4][2]_i_2_n_0               | prima3/y[4][2]_i_1_n_0     |                7 |             10 |
|  clk_old_IBUF_BUFG | prima3/y[0][2]_i_1_n_0               | prima3/y[4][2]_i_1_n_0     |                4 |             10 |
|  clk_old_IBUF_BUFG | rec_uart/state                       | rec_uart/state[17]_i_1_n_0 |                8 |             17 |
|  clk_old_IBUF_BUFG | tranceiver/state[18]_i_1_n_0         |                            |                5 |             19 |
|  clk_old_IBUF_BUFG | prima3/RES[19]_i_1_n_0               |                            |               10 |             20 |
|  clk_old_IBUF_BUFG | rec_uart/E[0]                        |                            |               11 |             20 |
|  clk_old_IBUF_BUFG | prima3/i0                            | prima3/i[31]_i_1_n_0       |                8 |             30 |
|  clk_old_IBUF_BUFG | uart/R_O_reg                         | uart/reset_signal          |               14 |             32 |
|  clk_old_IBUF_BUFG |                                      |                            |               18 |             40 |
+--------------------+--------------------------------------+----------------------------+------------------+----------------+


